<?xml version="1.0" encoding="UTF-8" ?>
<testsuites>
  <testsuite errors="0" failures="0" hostname="UN" id="0" name="AppointmentSchedulingSpec" package="auth" tests="3" time="11.183" timestamp="2015-11-21T00:29:20">
      <properties />

      <testcase classname="auth.AppointmentSchedulingSpec" name="name pet null" time="10.699" />

      <testcase classname="auth.AppointmentSchedulingSpec" name="name doctor null" time="0.188" />

      <testcase classname="auth.AppointmentSchedulingSpec" name="date null" time="0.109" />

      <system-out><![CDATA[--Output from name pet null--
--Output from name doctor null--
--Output from date null--
]]></system-out>

      <system-err><![CDATA[--Output from name pet null--
--Output from name doctor null--
--Output from date null--
]]></system-err>

  </testsuite>
  <testsuite errors="0" failures="0" hostname="UN" id="1" name="ClinicHistorySpec" package="auth" tests="1" time="1.375" timestamp="2015-11-21T00:29:32">
      <properties />

      <testcase classname="auth.ClinicHistorySpec" name="validacion de nombres" time="1.344" />

      <system-out><![CDATA[--Output from validacion de nombres--
]]></system-out>

      <system-err><![CDATA[--Output from validacion de nombres--
]]></system-err>

  </testsuite>
  <testsuite errors="0" failures="0" hostname="UN" id="2" name="HistoryClinicFileSpec" package="auth" tests="1" time="0.422" timestamp="2015-11-21T00:29:33">
      <properties />

      <testcase classname="auth.HistoryClinicFileSpec" name="validacion de creacion" time="0.406" />

      <system-out><![CDATA[--Output from validacion de creacion--
]]></system-out>

      <system-err><![CDATA[--Output from validacion de creacion--
]]></system-err>

  </testsuite>
  <testsuite errors="0" failures="0" hostname="UN" id="3" name="LabFileSpec" package="auth" tests="1" time="0.484" timestamp="2015-11-21T00:29:34">
      <properties />

      <testcase classname="auth.LabFileSpec" name="validacion de creacion" time="0.468" />

      <system-out><![CDATA[--Output from validacion de creacion--
]]></system-out>

      <system-err><![CDATA[--Output from validacion de creacion--
]]></system-err>

  </testsuite>
  <testsuite errors="0" failures="0" hostname="UN" id="4" name="LaboratoryTestSpec" package="auth" tests="1" time="0.281" timestamp="2015-11-21T00:29:34">
      <properties />

      <testcase classname="auth.LaboratoryTestSpec" name="validacion de creacion" time="0.25" />

      <system-out><![CDATA[--Output from validacion de creacion--
]]></system-out>

      <system-err><![CDATA[--Output from validacion de creacion--
]]></system-err>

  </testsuite>
  <testsuite errors="0" failures="0" hostname="UN" id="5" name="PetSpec" package="auth" tests="1" time="1.389" timestamp="2015-11-21T00:29:34">
      <properties />

      <testcase classname="auth.PetSpec" name="verificacion de creacion" time="1.358" />

      <system-out><![CDATA[--Output from verificacion de creacion--
]]></system-out>

      <system-err><![CDATA[--Output from verificacion de creacion--
]]></system-err>

  </testsuite>
  <testsuite errors="0" failures="0" hostname="UN" id="6" name="UserSpec" package="auth" tests="3" time="0.391" timestamp="2015-11-21T00:29:36">
      <properties />

      <testcase classname="auth.UserSpec" name="validacion de nombres" time="0.297" />

      <testcase classname="auth.UserSpec" name="validacion de telefonos" time="0.031" />

      <testcase classname="auth.UserSpec" name="validacion de direcciones" time="0.047" />

      <system-out><![CDATA[--Output from validacion de nombres--
--Output from validacion de telefonos--
--Output from validacion de direcciones--
]]></system-out>

      <system-err><![CDATA[--Output from validacion de nombres--
--Output from validacion de telefonos--
--Output from validacion de direcciones--
]]></system-err>

  </testsuite>
  <testsuite errors="0" failures="0" hostname="UN" id="7" name="VeterinarySpec" package="auth" tests="1" time="0.531" timestamp="2015-11-21T00:29:37">
      <properties />

      <testcase classname="auth.VeterinarySpec" name="validacion de creacion" time="0.516" />

      <system-out><![CDATA[--Output from validacion de creacion--
]]></system-out>

      <system-err><![CDATA[--Output from validacion de creacion--
]]></system-err>

  </testsuite>
</testsuites>
